{"/Users/gamaro/Git/Activos/backend/src/modules/asset/asset.controller.ts": {"path":"/Users/gamaro/Git/Activos/backend/src/modules/asset/asset.controller.ts","statementMap":{"0":{"start":{"line":1,"column":0},"end":{"line":1,"column":105}},"1":{"start":{"line":2,"column":0},"end":{"line":2,"column":47}},"2":{"start":{"line":3,"column":0},"end":{"line":3,"column":56}},"3":{"start":{"line":4,"column":0},"end":{"line":4,"column":70}},"4":{"start":{"line":5,"column":0},"end":{"line":5,"column":68}},"5":{"start":{"line":6,"column":0},"end":{"line":6,"column":65}},"6":{"start":{"line":10,"column":7},"end":{"line":29,"column":null}},"7":{"start":{"line":11,"column":31},"end":{"line":11,"column":45}},"8":{"start":{"line":15,"column":4},"end":{"line":15,"column":39}},"9":{"start":{"line":20,"column":4},"end":{"line":20,"column":41}},"10":{"start":{"line":27,"column":4},"end":{"line":27,"column":41}},"11":{"start":{"line":10,"column":13},"end":{"line":10,"column":28}},"12":{"start":{"line":14,"column":2},"end":{"line":16,"column":null}},"13":{"start":{"line":19,"column":2},"end":{"line":21,"column":null}},"14":{"start":{"line":26,"column":2},"end":{"line":28,"column":null}},"15":{"start":{"line":10,"column":13},"end":{"line":29,"column":null}}},"fnMap":{"0":{"name":"(anonymous_4)","decl":{"start":{"line":11,"column":2},"end":{"line":11,"column":31}},"loc":{"start":{"line":11,"column":57},"end":{"line":11,"column":61}}},"1":{"name":"(anonymous_5)","decl":{"start":{"line":14,"column":2},"end":{"line":14,"column":9}},"loc":{"start":{"line":14,"column":9},"end":{"line":16,"column":3}}},"2":{"name":"(anonymous_6)","decl":{"start":{"line":19,"column":2},"end":{"line":19,"column":9}},"loc":{"start":{"line":19,"column":33},"end":{"line":21,"column":3}}},"3":{"name":"(anonymous_7)","decl":{"start":{"line":26,"column":2},"end":{"line":26,"column":8}},"loc":{"start":{"line":26,"column":36},"end":{"line":28,"column":3}}}},"branchMap":{},"s":{"0":1,"1":1,"2":1,"3":1,"4":1,"5":1,"6":1,"7":2,"8":1,"9":1,"10":0,"11":1,"12":1,"13":1,"14":1,"15":1},"f":{"0":2,"1":1,"2":1,"3":0},"b":{}}
,"/Users/gamaro/Git/Activos/backend/src/modules/asset/asset.service.ts": {"path":"/Users/gamaro/Git/Activos/backend/src/modules/asset/asset.service.ts","statementMap":{"0":{"start":{"line":1,"column":0},"end":{"line":1,"column":84}},"1":{"start":{"line":2,"column":0},"end":{"line":2,"column":58}},"2":{"start":{"line":6,"column":7},"end":{"line":169,"column":null}},"3":{"start":{"line":7,"column":31},"end":{"line":7,"column":39}},"4":{"start":{"line":10,"column":19},"end":{"line":19,"column":6}},"5":{"start":{"line":21,"column":4},"end":{"line":31,"column":8}},"6":{"start":{"line":21,"column":34},"end":{"line":31,"column":6}},"7":{"start":{"line":35,"column":18},"end":{"line":42,"column":6}},"8":{"start":{"line":44,"column":4},"end":{"line":46,"column":5}},"9":{"start":{"line":45,"column":6},"end":{"line":45,"column":64}},"10":{"start":{"line":48,"column":4},"end":{"line":58,"column":6}},"11":{"start":{"line":62,"column":24},"end":{"line":62,"column":79}},"12":{"start":{"line":63,"column":23},"end":{"line":63,"column":76}},"13":{"start":{"line":64,"column":26},"end":{"line":64,"column":78}},"14":{"start":{"line":66,"column":4},"end":{"line":102,"column":5}},"15":{"start":{"line":67,"column":20},"end":{"line":82,"column":8}},"16":{"start":{"line":84,"column":6},"end":{"line":94,"column":8}},"17":{"start":{"line":96,"column":6},"end":{"line":100,"column":7}},"18":{"start":{"line":97,"column":8},"end":{"line":99,"column":10}},"19":{"start":{"line":101,"column":6},"end":{"line":101,"column":18}},"20":{"start":{"line":106,"column":4},"end":{"line":109,"column":6}},"21":{"start":{"line":116,"column":4},"end":{"line":116,"column":28}},"22":{"start":{"line":116,"column":16},"end":{"line":116,"column":28}},"23":{"start":{"line":119,"column":4},"end":{"line":122,"column":5}},"24":{"start":{"line":120,"column":21},"end":{"line":120,"column":63}},"25":{"start":{"line":121,"column":6},"end":{"line":121,"column":31}},"26":{"start":{"line":121,"column":18},"end":{"line":121,"column":31}},"27":{"start":{"line":125,"column":18},"end":{"line":125,"column":59}},"28":{"start":{"line":126,"column":4},"end":{"line":126,"column":31}},"29":{"start":{"line":126,"column":15},"end":{"line":126,"column":31}},"30":{"start":{"line":129,"column":4},"end":{"line":129,"column":49}},"31":{"start":{"line":136,"column":19},"end":{"line":140,"column":55}},"32":{"start":{"line":142,"column":4},"end":{"line":142,"column":27}},"33":{"start":{"line":149,"column":4},"end":{"line":153,"column":91}},"34":{"start":{"line":161,"column":6},"end":{"line":165,"column":123}},"35":{"start":{"line":167,"column":4},"end":{"line":167,"column":22}},"36":{"start":{"line":6,"column":13},"end":{"line":6,"column":25}},"37":{"start":{"line":6,"column":13},"end":{"line":169,"column":null}}},"fnMap":{"0":{"name":"(anonymous_2)","decl":{"start":{"line":7,"column":2},"end":{"line":7,"column":31}},"loc":{"start":{"line":7,"column":52},"end":{"line":7,"column":56}}},"1":{"name":"(anonymous_3)","decl":{"start":{"line":9,"column":2},"end":{"line":9,"column":7}},"loc":{"start":{"line":9,"column":15},"end":{"line":32,"column":3}}},"2":{"name":"(anonymous_4)","decl":{"start":{"line":21,"column":22},"end":{"line":21,"column":23}},"loc":{"start":{"line":21,"column":34},"end":{"line":31,"column":6}}},"3":{"name":"(anonymous_5)","decl":{"start":{"line":34,"column":2},"end":{"line":34,"column":7}},"loc":{"start":{"line":34,"column":26},"end":{"line":59,"column":3}}},"4":{"name":"(anonymous_6)","decl":{"start":{"line":61,"column":2},"end":{"line":61,"column":7}},"loc":{"start":{"line":61,"column":34},"end":{"line":103,"column":3}}},"5":{"name":"(anonymous_7)","decl":{"start":{"line":105,"column":10},"end":{"line":105,"column":16}},"loc":{"start":{"line":105,"column":49},"end":{"line":110,"column":3}}},"6":{"name":"(anonymous_8)","decl":{"start":{"line":112,"column":10},"end":{"line":112,"column":15}},"loc":{"start":{"line":114,"column":36},"end":{"line":130,"column":3}}},"7":{"name":"(anonymous_9)","decl":{"start":{"line":132,"column":10},"end":{"line":132,"column":15}},"loc":{"start":{"line":134,"column":14},"end":{"line":143,"column":3}}},"8":{"name":"(anonymous_10)","decl":{"start":{"line":145,"column":10},"end":{"line":145,"column":15}},"loc":{"start":{"line":147,"column":16},"end":{"line":154,"column":3}}},"9":{"name":"(anonymous_11)","decl":{"start":{"line":156,"column":10},"end":{"line":156,"column":15}},"loc":{"start":{"line":158,"column":16},"end":{"line":168,"column":3}}}},"branchMap":{"0":{"loc":{"start":{"line":26,"column":12},"end":{"line":26,"column":50}},"type":"cond-expr","locations":[{"start":{"line":26,"column":25},"end":{"line":26,"column":43}},{"start":{"line":26,"column":46},"end":{"line":26,"column":50}}]},"1":{"loc":{"start":{"line":28,"column":17},"end":{"line":28,"column":77}},"type":"cond-expr","locations":[{"start":{"line":28,"column":35},"end":{"line":28,"column":65}},{"start":{"line":28,"column":68},"end":{"line":28,"column":77}}]},"2":{"loc":{"start":{"line":29,"column":16},"end":{"line":29,"column":74}},"type":"cond-expr","locations":[{"start":{"line":29,"column":33},"end":{"line":29,"column":62}},{"start":{"line":29,"column":65},"end":{"line":29,"column":74}}]},"3":{"loc":{"start":{"line":30,"column":19},"end":{"line":30,"column":83}},"type":"cond-expr","locations":[{"start":{"line":30,"column":39},"end":{"line":30,"column":71}},{"start":{"line":30,"column":74},"end":{"line":30,"column":83}}]},"4":{"loc":{"start":{"line":44,"column":4},"end":{"line":46,"column":5}},"type":"if","locations":[{"start":{"line":44,"column":4},"end":{"line":46,"column":5}}]},"5":{"loc":{"start":{"line":53,"column":12},"end":{"line":53,"column":50}},"type":"cond-expr","locations":[{"start":{"line":53,"column":25},"end":{"line":53,"column":43}},{"start":{"line":53,"column":46},"end":{"line":53,"column":50}}]},"6":{"loc":{"start":{"line":55,"column":17},"end":{"line":55,"column":77}},"type":"cond-expr","locations":[{"start":{"line":55,"column":35},"end":{"line":55,"column":65}},{"start":{"line":55,"column":68},"end":{"line":55,"column":77}}]},"7":{"loc":{"start":{"line":56,"column":16},"end":{"line":56,"column":74}},"type":"cond-expr","locations":[{"start":{"line":56,"column":33},"end":{"line":56,"column":62}},{"start":{"line":56,"column":65},"end":{"line":56,"column":74}}]},"8":{"loc":{"start":{"line":57,"column":19},"end":{"line":57,"column":83}},"type":"cond-expr","locations":[{"start":{"line":57,"column":39},"end":{"line":57,"column":71}},{"start":{"line":57,"column":74},"end":{"line":57,"column":83}}]},"9":{"loc":{"start":{"line":89,"column":14},"end":{"line":89,"column":52}},"type":"cond-expr","locations":[{"start":{"line":89,"column":27},"end":{"line":89,"column":45}},{"start":{"line":89,"column":48},"end":{"line":89,"column":52}}]},"10":{"loc":{"start":{"line":91,"column":19},"end":{"line":91,"column":79}},"type":"cond-expr","locations":[{"start":{"line":91,"column":37},"end":{"line":91,"column":67}},{"start":{"line":91,"column":70},"end":{"line":91,"column":79}}]},"11":{"loc":{"start":{"line":92,"column":18},"end":{"line":92,"column":76}},"type":"cond-expr","locations":[{"start":{"line":92,"column":35},"end":{"line":92,"column":64}},{"start":{"line":92,"column":67},"end":{"line":92,"column":76}}]},"12":{"loc":{"start":{"line":93,"column":21},"end":{"line":93,"column":85}},"type":"cond-expr","locations":[{"start":{"line":93,"column":41},"end":{"line":93,"column":73}},{"start":{"line":93,"column":76},"end":{"line":93,"column":85}}]},"13":{"loc":{"start":{"line":96,"column":6},"end":{"line":100,"column":7}},"type":"if","locations":[{"start":{"line":96,"column":6},"end":{"line":100,"column":7}}]},"14":{"loc":{"start":{"line":96,"column":10},"end":{"line":96,"column":86}},"type":"binary-expr","locations":[{"start":{"line":96,"column":10},"end":{"line":96,"column":32}},{"start":{"line":96,"column":36},"end":{"line":96,"column":51}},{"start":{"line":96,"column":56},"end":{"line":96,"column":86}}]},"15":{"loc":{"start":{"line":107,"column":6},"end":{"line":108,"column":94}},"type":"binary-expr","locations":[{"start":{"line":107,"column":6},"end":{"line":107,"column":31}},{"start":{"line":108,"column":6},"end":{"line":108,"column":94}}]},"16":{"loc":{"start":{"line":116,"column":4},"end":{"line":116,"column":28}},"type":"if","locations":[{"start":{"line":116,"column":4},"end":{"line":116,"column":28}}]},"17":{"loc":{"start":{"line":119,"column":4},"end":{"line":122,"column":5}},"type":"if","locations":[{"start":{"line":119,"column":4},"end":{"line":122,"column":5}}]},"18":{"loc":{"start":{"line":121,"column":6},"end":{"line":121,"column":31}},"type":"if","locations":[{"start":{"line":121,"column":6},"end":{"line":121,"column":31}}]},"19":{"loc":{"start":{"line":126,"column":4},"end":{"line":126,"column":31}},"type":"if","locations":[{"start":{"line":126,"column":4},"end":{"line":126,"column":31}}]},"20":{"loc":{"start":{"line":136,"column":26},"end":{"line":140,"column":54}},"type":"cond-expr","locations":[{"start":{"line":137,"column":8},"end":{"line":137,"column":59}},{"start":{"line":138,"column":8},"end":{"line":140,"column":54}}]},"21":{"loc":{"start":{"line":138,"column":8},"end":{"line":140,"column":54}},"type":"cond-expr","locations":[{"start":{"line":139,"column":8},"end":{"line":139,"column":58}},{"start":{"line":140,"column":8},"end":{"line":140,"column":54}}]},"22":{"loc":{"start":{"line":149,"column":12},"end":{"line":153,"column":55}},"type":"cond-expr","locations":[{"start":{"line":150,"column":8},"end":{"line":150,"column":61}},{"start":{"line":151,"column":8},"end":{"line":153,"column":55}}]},"23":{"loc":{"start":{"line":151,"column":8},"end":{"line":153,"column":55}},"type":"cond-expr","locations":[{"start":{"line":152,"column":8},"end":{"line":152,"column":59}},{"start":{"line":153,"column":8},"end":{"line":153,"column":55}}]},"24":{"loc":{"start":{"line":161,"column":6},"end":{"line":165,"column":123}},"type":"cond-expr","locations":[{"start":{"line":162,"column":10},"end":{"line":162,"column":64}},{"start":{"line":163,"column":10},"end":{"line":165,"column":123}}]},"25":{"loc":{"start":{"line":163,"column":10},"end":{"line":165,"column":123}},"type":"cond-expr","locations":[{"start":{"line":164,"column":10},"end":{"line":164,"column":80}},{"start":{"line":165,"column":10},"end":{"line":165,"column":123}}]}},"s":{"0":2,"1":2,"2":2,"3":4,"4":1,"5":1,"6":1,"7":2,"8":2,"9":1,"10":1,"11":1,"12":1,"13":1,"14":1,"15":1,"16":1,"17":0,"18":0,"19":0,"20":2,"21":3,"22":1,"23":2,"24":0,"25":0,"26":0,"27":2,"28":2,"29":0,"30":2,"31":0,"32":0,"33":2,"34":2,"35":2,"36":2,"37":2},"f":{"0":4,"1":1,"2":1,"3":2,"4":1,"5":2,"6":3,"7":0,"8":2,"9":2},"b":{"0":[1,0],"1":[1,0],"2":[1,0],"3":[1,0],"4":[1],"5":[1,0],"6":[1,0],"7":[1,0],"8":[1,0],"9":[1,0],"10":[1,0],"11":[1,0],"12":[1,0],"13":[0],"14":[0,0,0],"15":[2,2],"16":[1],"17":[0],"18":[0],"19":[0],"20":[0,0],"21":[0,0],"22":[0,2],"23":[1,1],"24":[0,2],"25":[1,1]}}
,"/Users/gamaro/Git/Activos/backend/src/modules/asset/dto/create-asset.dto.ts": {"path":"/Users/gamaro/Git/Activos/backend/src/modules/asset/dto/create-asset.dto.ts","statementMap":{"0":{"start":{"line":1,"column":0},"end":{"line":1,"column":null}},"1":{"start":{"line":12,"column":0},"end":{"line":12,"column":13}},"2":{"start":{"line":16,"column":2},"end":{"line":16,"column":null}},"3":{"start":{"line":20,"column":2},"end":{"line":20,"column":null}},"4":{"start":{"line":24,"column":2},"end":{"line":24,"column":null}},"5":{"start":{"line":28,"column":2},"end":{"line":28,"column":null}},"6":{"start":{"line":33,"column":2},"end":{"line":33,"column":null}},"7":{"start":{"line":39,"column":2},"end":{"line":39,"column":null}},"8":{"start":{"line":44,"column":2},"end":{"line":44,"column":null}}},"fnMap":{},"branchMap":{},"s":{"0":1,"1":1,"2":1,"3":1,"4":1,"5":1,"6":1,"7":1,"8":1},"f":{},"b":{}}
,"/Users/gamaro/Git/Activos/backend/src/modules/audit/audit.service.ts": {"path":"/Users/gamaro/Git/Activos/backend/src/modules/audit/audit.service.ts","statementMap":{"0":{"start":{"line":1,"column":0},"end":{"line":1,"column":44}},"1":{"start":{"line":3,"column":0},"end":{"line":3,"column":58}},"2":{"start":{"line":15,"column":7},"end":{"line":30,"column":null}},"3":{"start":{"line":16,"column":31},"end":{"line":16,"column":39}},"4":{"start":{"line":19,"column":4},"end":{"line":21,"column":7}},"5":{"start":{"line":25,"column":4},"end":{"line":28,"column":7}},"6":{"start":{"line":15,"column":13},"end":{"line":15,"column":25}},"7":{"start":{"line":15,"column":13},"end":{"line":30,"column":null}}},"fnMap":{"0":{"name":"(anonymous_2)","decl":{"start":{"line":16,"column":2},"end":{"line":16,"column":31}},"loc":{"start":{"line":16,"column":52},"end":{"line":16,"column":56}}},"1":{"name":"(anonymous_3)","decl":{"start":{"line":18,"column":2},"end":{"line":18,"column":7}},"loc":{"start":{"line":18,"column":31},"end":{"line":22,"column":3}}},"2":{"name":"(anonymous_4)","decl":{"start":{"line":24,"column":2},"end":{"line":24,"column":13}},"loc":{"start":{"line":24,"column":29},"end":{"line":29,"column":3}}}},"branchMap":{},"s":{"0":3,"1":3,"2":3,"3":2,"4":1,"5":1,"6":3,"7":3},"f":{"0":2,"1":1,"2":1},"b":{}}
,"/Users/gamaro/Git/Activos/backend/src/modules/auth/decorators/roles.decorator.ts": {"path":"/Users/gamaro/Git/Activos/backend/src/modules/auth/decorators/roles.decorator.ts","statementMap":{"0":{"start":{"line":1,"column":0},"end":{"line":1,"column":45}},"1":{"start":{"line":3,"column":13},"end":{"line":3,"column":33}},"2":{"start":{"line":4,"column":21},"end":{"line":4,"column":74}},"3":{"start":{"line":4,"column":45},"end":{"line":4,"column":74}},"4":{"start":{"line":4,"column":13},"end":{"line":4,"column":21}}},"fnMap":{"0":{"name":"(anonymous_0)","decl":{"start":{"line":4,"column":21},"end":{"line":4,"column":22}},"loc":{"start":{"line":4,"column":45},"end":{"line":4,"column":74}}}},"branchMap":{},"s":{"0":1,"1":1,"2":1,"3":1,"4":1},"f":{"0":1},"b":{}}
,"/Users/gamaro/Git/Activos/backend/src/modules/auth/guards/jwt-auth.guard.ts": {"path":"/Users/gamaro/Git/Activos/backend/src/modules/auth/guards/jwt-auth.guard.ts","statementMap":{"0":{"start":{"line":1,"column":0},"end":{"line":1,"column":62}},"1":{"start":{"line":2,"column":0},"end":{"line":2,"column":45}},"2":{"start":{"line":3,"column":0},"end":{"line":3,"column":47}},"3":{"start":{"line":6,"column":7},"end":{"line":20,"column":null}},"4":{"start":{"line":8,"column":4},"end":{"line":8,"column":12}},"5":{"start":{"line":7,"column":31},"end":{"line":7,"column":46}},"6":{"start":{"line":13,"column":6},"end":{"line":14,"column":43}},"7":{"start":{"line":15,"column":4},"end":{"line":17,"column":5}},"8":{"start":{"line":16,"column":6},"end":{"line":16,"column":18}},"9":{"start":{"line":18,"column":4},"end":{"line":18,"column":38}},"10":{"start":{"line":6,"column":13},"end":{"line":6,"column":25}},"11":{"start":{"line":6,"column":13},"end":{"line":20,"column":null}}},"fnMap":{"0":{"name":"(anonymous_2)","decl":{"start":{"line":7,"column":2},"end":{"line":7,"column":31}},"loc":{"start":{"line":7,"column":59},"end":{"line":9,"column":3}}},"1":{"name":"(anonymous_3)","decl":{"start":{"line":11,"column":2},"end":{"line":11,"column":13}},"loc":{"start":{"line":11,"column":39},"end":{"line":19,"column":3}}}},"branchMap":{"0":{"loc":{"start":{"line":13,"column":6},"end":{"line":14,"column":43}},"type":"binary-expr","locations":[{"start":{"line":13,"column":6},"end":{"line":13,"column":63}},{"start":{"line":14,"column":6},"end":{"line":14,"column":43}}]},"1":{"loc":{"start":{"line":15,"column":4},"end":{"line":17,"column":5}},"type":"if","locations":[{"start":{"line":15,"column":4},"end":{"line":17,"column":5}}]}},"s":{"0":1,"1":1,"2":1,"3":1,"4":0,"5":0,"6":0,"7":0,"8":0,"9":0,"10":1,"11":1},"f":{"0":0,"1":0},"b":{"0":[0,0],"1":[0]}}
,"/Users/gamaro/Git/Activos/backend/src/modules/auth/guards/roles.guard.ts": {"path":"/Users/gamaro/Git/Activos/backend/src/modules/auth/guards/roles.guard.ts","statementMap":{"0":{"start":{"line":1,"column":0},"end":{"line":1,"column":75}},"1":{"start":{"line":2,"column":0},"end":{"line":2,"column":47}},"2":{"start":{"line":3,"column":0},"end":{"line":3,"column":41}},"3":{"start":{"line":4,"column":0},"end":{"line":4,"column":58}},"4":{"start":{"line":7,"column":7},"end":{"line":28,"column":null}},"5":{"start":{"line":8,"column":31},"end":{"line":8,"column":42}},"6":{"start":{"line":8,"column":70},"end":{"line":8,"column":78}},"7":{"start":{"line":11,"column":4},"end":{"line":16,"column":5}},"8":{"start":{"line":15,"column":6},"end":{"line":15,"column":18}},"9":{"start":{"line":17,"column":26},"end":{"line":20,"column":6}},"10":{"start":{"line":21,"column":4},"end":{"line":23,"column":5}},"11":{"start":{"line":22,"column":6},"end":{"line":22,"column":18}},"12":{"start":{"line":24,"column":21},"end":{"line":24,"column":56}},"13":{"start":{"line":25,"column":18},"end":{"line":25,"column":35}},"14":{"start":{"line":26,"column":4},"end":{"line":26,"column":62}},"15":{"start":{"line":26,"column":40},"end":{"line":26,"column":60}},"16":{"start":{"line":7,"column":13},"end":{"line":7,"column":23}},"17":{"start":{"line":7,"column":13},"end":{"line":28,"column":null}}},"fnMap":{"0":{"name":"(anonymous_2)","decl":{"start":{"line":8,"column":2},"end":{"line":8,"column":31}},"loc":{"start":{"line":8,"column":91},"end":{"line":8,"column":95}}},"1":{"name":"(anonymous_3)","decl":{"start":{"line":10,"column":2},"end":{"line":10,"column":13}},"loc":{"start":{"line":10,"column":39},"end":{"line":27,"column":3}}},"2":{"name":"(anonymous_4)","decl":{"start":{"line":26,"column":30},"end":{"line":26,"column":31}},"loc":{"start":{"line":26,"column":40},"end":{"line":26,"column":60}}}},"branchMap":{"0":{"loc":{"start":{"line":11,"column":4},"end":{"line":16,"column":5}},"type":"if","locations":[{"start":{"line":11,"column":4},"end":{"line":16,"column":5}}]},"1":{"loc":{"start":{"line":12,"column":6},"end":{"line":13,"column":43}},"type":"binary-expr","locations":[{"start":{"line":12,"column":6},"end":{"line":12,"column":56}},{"start":{"line":13,"column":6},"end":{"line":13,"column":43}}]},"2":{"loc":{"start":{"line":21,"column":4},"end":{"line":23,"column":5}},"type":"if","locations":[{"start":{"line":21,"column":4},"end":{"line":23,"column":5}}]},"3":{"loc":{"start":{"line":25,"column":18},"end":{"line":25,"column":35}},"type":"binary-expr","locations":[{"start":{"line":25,"column":18},"end":{"line":25,"column":29}},{"start":{"line":25,"column":33},"end":{"line":25,"column":35}}]}},"s":{"0":1,"1":1,"2":1,"3":1,"4":1,"5":0,"6":0,"7":0,"8":0,"9":0,"10":0,"11":0,"12":0,"13":0,"14":0,"15":0,"16":1,"17":1},"f":{"0":0,"1":0,"2":0},"b":{"0":[0],"1":[0,0],"2":[0],"3":[0,0]}}
,"/Users/gamaro/Git/Activos/backend/src/modules/depreciation/depreciation.service.ts": {"path":"/Users/gamaro/Git/Activos/backend/src/modules/depreciation/depreciation.service.ts","statementMap":{"0":{"start":{"line":1,"column":0},"end":{"line":1,"column":44}},"1":{"start":{"line":2,"column":0},"end":{"line":2,"column":58}},"2":{"start":{"line":4,"column":0},"end":{"line":4,"column":63}},"3":{"start":{"line":7,"column":7},"end":{"line":41,"column":null}},"4":{"start":{"line":9,"column":21},"end":{"line":9,"column":29}},"5":{"start":{"line":10,"column":21},"end":{"line":10,"column":28}},"6":{"start":{"line":14,"column":19},"end":{"line":23,"column":6}},"7":{"start":{"line":24,"column":4},"end":{"line":31,"column":7}},"8":{"start":{"line":32,"column":4},"end":{"line":32,"column":18}},"9":{"start":{"line":36,"column":4},"end":{"line":39,"column":7}},"10":{"start":{"line":7,"column":13},"end":{"line":7,"column":32}},"11":{"start":{"line":7,"column":13},"end":{"line":41,"column":null}}},"fnMap":{"0":{"name":"(anonymous_2)","decl":{"start":{"line":8,"column":2},"end":{"line":8,"column":null}},"loc":{"start":{"line":10,"column":40},"end":{"line":11,"column":6}}},"1":{"name":"(anonymous_3)","decl":{"start":{"line":13,"column":2},"end":{"line":13,"column":7}},"loc":{"start":{"line":13,"column":64},"end":{"line":33,"column":3}}},"2":{"name":"(anonymous_4)","decl":{"start":{"line":35,"column":2},"end":{"line":35,"column":13}},"loc":{"start":{"line":35,"column":29},"end":{"line":40,"column":3}}}},"branchMap":{},"s":{"0":1,"1":1,"2":1,"3":1,"4":2,"5":2,"6":1,"7":1,"8":1,"9":1,"10":1,"11":1},"f":{"0":2,"1":1,"2":1},"b":{}}
,"/Users/gamaro/Git/Activos/backend/src/modules/integration/integration.scheduler.ts": {"path":"/Users/gamaro/Git/Activos/backend/src/modules/integration/integration.scheduler.ts","statementMap":{"0":{"start":{"line":1,"column":0},"end":{"line":1,"column":83}},"1":{"start":{"line":2,"column":0},"end":{"line":2,"column":59}},"2":{"start":{"line":5,"column":33},"end":{"line":28,"column":null}},"3":{"start":{"line":9,"column":31},"end":{"line":9,"column":44}},"4":{"start":{"line":7,"column":19},"end":{"line":7,"column":66}},"5":{"start":{"line":12,"column":4},"end":{"line":12,"column":63}},"6":{"start":{"line":12,"column":38},"end":{"line":12,"column":53}},"7":{"start":{"line":13,"column":4},"end":{"line":13,"column":26}},"8":{"start":{"line":17,"column":4},"end":{"line":19,"column":5}},"9":{"start":{"line":18,"column":6},"end":{"line":18,"column":35}},"10":{"start":{"line":23,"column":19},"end":{"line":23,"column":61}},"11":{"start":{"line":24,"column":4},"end":{"line":26,"column":5}},"12":{"start":{"line":25,"column":6},"end":{"line":25,"column":77}},"13":{"start":{"line":5,"column":13},"end":{"line":5,"column":33}},"14":{"start":{"line":5,"column":13},"end":{"line":28,"column":null}}},"fnMap":{"0":{"name":"(anonymous_2)","decl":{"start":{"line":9,"column":2},"end":{"line":9,"column":31}},"loc":{"start":{"line":9,"column":62},"end":{"line":9,"column":66}}},"1":{"name":"(anonymous_3)","decl":{"start":{"line":11,"column":2},"end":{"line":11,"column":7}},"loc":{"start":{"line":11,"column":20},"end":{"line":14,"column":3}}},"2":{"name":"(anonymous_4)","decl":{"start":{"line":12,"column":32},"end":{"line":12,"column":35}},"loc":{"start":{"line":12,"column":38},"end":{"line":12,"column":53}}},"3":{"name":"(anonymous_5)","decl":{"start":{"line":16,"column":2},"end":{"line":16,"column":7}},"loc":{"start":{"line":16,"column":23},"end":{"line":20,"column":3}}},"4":{"name":"(anonymous_6)","decl":{"start":{"line":22,"column":2},"end":{"line":22,"column":7}},"loc":{"start":{"line":22,"column":16},"end":{"line":27,"column":3}}}},"branchMap":{"0":{"loc":{"start":{"line":17,"column":4},"end":{"line":19,"column":5}},"type":"if","locations":[{"start":{"line":17,"column":4},"end":{"line":19,"column":5}}]},"1":{"loc":{"start":{"line":24,"column":4},"end":{"line":26,"column":5}},"type":"if","locations":[{"start":{"line":24,"column":4},"end":{"line":26,"column":5}}]}},"s":{"0":1,"1":1,"2":1,"3":1,"4":1,"5":0,"6":0,"7":0,"8":0,"9":0,"10":1,"11":1,"12":1,"13":1,"14":1},"f":{"0":1,"1":0,"2":0,"3":0,"4":1},"b":{"0":[0],"1":[1]}}
,"/Users/gamaro/Git/Activos/backend/src/modules/integration/integration.service.ts": {"path":"/Users/gamaro/Git/Activos/backend/src/modules/integration/integration.service.ts","statementMap":{"0":{"start":{"line":1,"column":0},"end":{"line":1,"column":44}},"1":{"start":{"line":3,"column":0},"end":{"line":3,"column":58}},"2":{"start":{"line":4,"column":0},"end":{"line":4,"column":74}},"3":{"start":{"line":5,"column":0},"end":{"line":5,"column":60}},"4":{"start":{"line":13,"column":7},"end":{"line":99,"column":null}},"5":{"start":{"line":15,"column":21},"end":{"line":15,"column":29}},"6":{"start":{"line":16,"column":21},"end":{"line":16,"column":32}},"7":{"start":{"line":17,"column":21},"end":{"line":17,"column":30}},"8":{"start":{"line":21,"column":19},"end":{"line":26,"column":6}},"9":{"start":{"line":27,"column":4},"end":{"line":27,"column":36}},"10":{"start":{"line":28,"column":4},"end":{"line":28,"column":101}},"11":{"start":{"line":29,"column":4},"end":{"line":29,"column":18}},"12":{"start":{"line":33,"column":20},"end":{"line":37,"column":6}},"13":{"start":{"line":38,"column":18},"end":{"line":38,"column":28}},"14":{"start":{"line":39,"column":4},"end":{"line":39,"column":69}},"15":{"start":{"line":39,"column":44},"end":{"line":39,"column":66}},"16":{"start":{"line":40,"column":4},"end":{"line":40,"column":61}},"17":{"start":{"line":41,"column":4},"end":{"line":41,"column":19}},"18":{"start":{"line":45,"column":4},"end":{"line":48,"column":7}},"19":{"start":{"line":52,"column":20},"end":{"line":52,"column":45}},"20":{"start":{"line":53,"column":4},"end":{"line":56,"column":5}},"21":{"start":{"line":54,"column":6},"end":{"line":54,"column":41}},"22":{"start":{"line":55,"column":6},"end":{"line":55,"column":13}},"23":{"start":{"line":57,"column":18},"end":{"line":57,"column":23}},"24":{"start":{"line":58,"column":17},"end":{"line":58,"column":81}},"25":{"start":{"line":59,"column":4},"end":{"line":70,"column":5}},"26":{"start":{"line":60,"column":6},"end":{"line":69,"column":7}},"27":{"start":{"line":61,"column":8},"end":{"line":65,"column":11}},"28":{"start":{"line":66,"column":8},"end":{"line":66,"column":23}},"29":{"start":{"line":71,"column":4},"end":{"line":77,"column":7}},"30":{"start":{"line":78,"column":4},"end":{"line":82,"column":5}},"31":{"start":{"line":79,"column":6},"end":{"line":79,"column":35}},"32":{"start":{"line":81,"column":6},"end":{"line":81,"column":37}},"33":{"start":{"line":86,"column":4},"end":{"line":89,"column":7}},"34":{"start":{"line":93,"column":23},"end":{"line":96,"column":6}},"35":{"start":{"line":97,"column":4},"end":{"line":97,"column":50}},"36":{"start":{"line":13,"column":13},"end":{"line":13,"column":31}},"37":{"start":{"line":13,"column":13},"end":{"line":99,"column":null}}},"fnMap":{"0":{"name":"(anonymous_2)","decl":{"start":{"line":14,"column":2},"end":{"line":14,"column":null}},"loc":{"start":{"line":17,"column":44},"end":{"line":18,"column":6}}},"1":{"name":"(anonymous_3)","decl":{"start":{"line":20,"column":2},"end":{"line":20,"column":7}},"loc":{"start":{"line":20,"column":39},"end":{"line":30,"column":3}}},"2":{"name":"(anonymous_4)","decl":{"start":{"line":32,"column":2},"end":{"line":32,"column":7}},"loc":{"start":{"line":32,"column":34},"end":{"line":42,"column":3}}},"3":{"name":"(anonymous_5)","decl":{"start":{"line":39,"column":34},"end":{"line":39,"column":35}},"loc":{"start":{"line":39,"column":44},"end":{"line":39,"column":66}}},"4":{"name":"(anonymous_6)","decl":{"start":{"line":44,"column":2},"end":{"line":44,"column":7}},"loc":{"start":{"line":44,"column":28},"end":{"line":49,"column":3}}},"5":{"name":"(anonymous_7)","decl":{"start":{"line":51,"column":10},"end":{"line":51,"column":15}},"loc":{"start":{"line":51,"column":72},"end":{"line":83,"column":3}}},"6":{"name":"(anonymous_8)","decl":{"start":{"line":85,"column":10},"end":{"line":85,"column":15}},"loc":{"start":{"line":85,"column":40},"end":{"line":90,"column":3}}},"7":{"name":"(anonymous_9)","decl":{"start":{"line":92,"column":10},"end":{"line":92,"column":28}},"loc":{"start":{"line":92,"column":28},"end":{"line":98,"column":3}}}},"branchMap":{"0":{"loc":{"start":{"line":32,"column":24},"end":{"line":32,"column":34}},"type":"default-arg","locations":[{"start":{"line":32,"column":32},"end":{"line":32,"column":34}}]},"1":{"loc":{"start":{"line":46,"column":13},"end":{"line":46,"column":44}},"type":"cond-expr","locations":[{"start":{"line":46,"column":22},"end":{"line":46,"column":32}},{"start":{"line":46,"column":35},"end":{"line":46,"column":44}}]},"2":{"loc":{"start":{"line":53,"column":4},"end":{"line":56,"column":5}},"type":"if","locations":[{"start":{"line":53,"column":4},"end":{"line":56,"column":5}}]},"3":{"loc":{"start":{"line":74,"column":16},"end":{"line":74,"column":43}},"type":"cond-expr","locations":[{"start":{"line":74,"column":26},"end":{"line":74,"column":32}},{"start":{"line":74,"column":35},"end":{"line":74,"column":43}}]},"4":{"loc":{"start":{"line":78,"column":4},"end":{"line":82,"column":5}},"type":"if","locations":[{"start":{"line":78,"column":4},"end":{"line":82,"column":5}},{"start":{"line":80,"column":11},"end":{"line":82,"column":5}}]}},"s":{"0":2,"1":2,"2":2,"3":2,"4":2,"5":2,"6":2,"7":2,"8":1,"9":1,"10":1,"11":1,"12":1,"13":1,"14":1,"15":1,"16":1,"17":1,"18":0,"19":1,"20":1,"21":1,"22":1,"23":0,"24":0,"25":0,"26":0,"27":0,"28":0,"29":0,"30":0,"31":0,"32":0,"33":1,"34":1,"35":1,"36":2,"37":2},"f":{"0":2,"1":1,"2":1,"3":1,"4":0,"5":1,"6":1,"7":1},"b":{"0":[1],"1":[0,0],"2":[1],"3":[0,0],"4":[0,0]}}
,"/Users/gamaro/Git/Activos/backend/src/modules/metrics/metrics.service.ts": {"path":"/Users/gamaro/Git/Activos/backend/src/modules/metrics/metrics.service.ts","statementMap":{"0":{"start":{"line":1,"column":0},"end":{"line":1,"column":44}},"1":{"start":{"line":4,"column":7},"end":{"line":42,"column":null}},"2":{"start":{"line":5,"column":10},"end":{"line":5,"column":22}},"3":{"start":{"line":6,"column":10},"end":{"line":6,"column":19}},"4":{"start":{"line":7,"column":10},"end":{"line":7,"column":21}},"5":{"start":{"line":8,"column":10},"end":{"line":8,"column":33}},"6":{"start":{"line":11,"column":4},"end":{"line":11,"column":22}},"7":{"start":{"line":15,"column":4},"end":{"line":15,"column":19}},"8":{"start":{"line":19,"column":4},"end":{"line":19,"column":21}},"9":{"start":{"line":23,"column":4},"end":{"line":23,"column":33}},"10":{"start":{"line":27,"column":4},"end":{"line":40,"column":24}},"11":{"start":{"line":4,"column":13},"end":{"line":4,"column":27}},"12":{"start":{"line":4,"column":13},"end":{"line":42,"column":null}}},"fnMap":{"0":{"name":"(anonymous_1)","decl":{"start":{"line":4,"column":7},"end":{"line":4,"column":13}},"loc":{"start":{"line":4,"column":7},"end":{"line":42,"column":1}}},"1":{"name":"(anonymous_2)","decl":{"start":{"line":10,"column":2},"end":{"line":10,"column":18}},"loc":{"start":{"line":10,"column":18},"end":{"line":12,"column":3}}},"2":{"name":"(anonymous_3)","decl":{"start":{"line":14,"column":2},"end":{"line":14,"column":15}},"loc":{"start":{"line":14,"column":15},"end":{"line":16,"column":3}}},"3":{"name":"(anonymous_4)","decl":{"start":{"line":18,"column":2},"end":{"line":18,"column":17}},"loc":{"start":{"line":18,"column":17},"end":{"line":20,"column":3}}},"4":{"name":"(anonymous_5)","decl":{"start":{"line":22,"column":2},"end":{"line":22,"column":25}},"loc":{"start":{"line":22,"column":36},"end":{"line":24,"column":3}}},"5":{"name":"(anonymous_6)","decl":{"start":{"line":26,"column":2},"end":{"line":26,"column":9}},"loc":{"start":{"line":26,"column":9},"end":{"line":41,"column":3}}}},"branchMap":{},"s":{"0":2,"1":2,"2":0,"3":0,"4":0,"5":0,"6":0,"7":0,"8":0,"9":0,"10":0,"11":2,"12":2},"f":{"0":0,"1":0,"2":0,"3":0,"4":0,"5":0},"b":{}}
,"/Users/gamaro/Git/Activos/backend/src/modules/movement/movement.service.ts": {"path":"/Users/gamaro/Git/Activos/backend/src/modules/movement/movement.service.ts","statementMap":{"0":{"start":{"line":1,"column":0},"end":{"line":1,"column":44}},"1":{"start":{"line":2,"column":0},"end":{"line":2,"column":58}},"2":{"start":{"line":4,"column":0},"end":{"line":4,"column":74}},"3":{"start":{"line":5,"column":0},"end":{"line":5,"column":63}},"4":{"start":{"line":8,"column":7},"end":{"line":50,"column":null}},"5":{"start":{"line":10,"column":21},"end":{"line":10,"column":29}},"6":{"start":{"line":11,"column":21},"end":{"line":11,"column":32}},"7":{"start":{"line":12,"column":21},"end":{"line":12,"column":28}},"8":{"start":{"line":16,"column":4},"end":{"line":24,"column":7}},"9":{"start":{"line":28,"column":4},"end":{"line":48,"column":7}},"10":{"start":{"line":29,"column":23},"end":{"line":37,"column":8}},"11":{"start":{"line":38,"column":6},"end":{"line":45,"column":9}},"12":{"start":{"line":46,"column":6},"end":{"line":46,"column":65}},"13":{"start":{"line":47,"column":6},"end":{"line":47,"column":22}},"14":{"start":{"line":8,"column":13},"end":{"line":8,"column":28}},"15":{"start":{"line":8,"column":13},"end":{"line":50,"column":null}}},"fnMap":{"0":{"name":"(anonymous_2)","decl":{"start":{"line":9,"column":2},"end":{"line":9,"column":null}},"loc":{"start":{"line":12,"column":40},"end":{"line":13,"column":6}}},"1":{"name":"(anonymous_3)","decl":{"start":{"line":15,"column":2},"end":{"line":15,"column":9}},"loc":{"start":{"line":15,"column":9},"end":{"line":25,"column":3}}},"2":{"name":"(anonymous_4)","decl":{"start":{"line":27,"column":2},"end":{"line":27,"column":8}},"loc":{"start":{"line":27,"column":32},"end":{"line":49,"column":3}}},"3":{"name":"(anonymous_5)","decl":{"start":{"line":28,"column":36},"end":{"line":28,"column":41}},"loc":{"start":{"line":28,"column":49},"end":{"line":48,"column":5}}}},"branchMap":{},"s":{"0":1,"1":1,"2":1,"3":1,"4":1,"5":2,"6":2,"7":2,"8":1,"9":1,"10":1,"11":1,"12":1,"13":1,"14":1,"15":1},"f":{"0":2,"1":1,"2":1,"3":1},"b":{}}
,"/Users/gamaro/Git/Activos/backend/src/prisma/prisma.service.ts": {"path":"/Users/gamaro/Git/Activos/backend/src/prisma/prisma.service.ts","statementMap":{"0":{"start":{"line":1,"column":0},"end":{"line":1,"column":75}},"1":{"start":{"line":2,"column":0},"end":{"line":2,"column":46}},"2":{"start":{"line":5,"column":7},"end":{"line":13,"column":null}},"3":{"start":{"line":7,"column":4},"end":{"line":7,"column":26}},"4":{"start":{"line":11,"column":4},"end":{"line":11,"column":29}},"5":{"start":{"line":5,"column":13},"end":{"line":5,"column":26}},"6":{"start":{"line":5,"column":13},"end":{"line":13,"column":null}}},"fnMap":{"0":{"name":"(anonymous_1)","decl":{"start":{"line":6,"column":2},"end":{"line":6,"column":7}},"loc":{"start":{"line":6,"column":20},"end":{"line":8,"column":3}}},"1":{"name":"(anonymous_2)","decl":{"start":{"line":10,"column":2},"end":{"line":10,"column":7}},"loc":{"start":{"line":10,"column":23},"end":{"line":12,"column":3}}}},"branchMap":{},"s":{"0":7,"1":7,"2":7,"3":0,"4":0,"5":7,"6":7},"f":{"0":0,"1":0},"b":{}}
,"/Users/gamaro/Git/Activos/backend/src/shared/messaging/messaging.service.ts": {"path":"/Users/gamaro/Git/Activos/backend/src/shared/messaging/messaging.service.ts","statementMap":{"0":{"start":{"line":1,"column":0},"end":{"line":1,"column":44}},"1":{"start":{"line":2,"column":0},"end":{"line":2,"column":43}},"2":{"start":{"line":6,"column":7},"end":{"line":12,"column":null}},"3":{"start":{"line":7,"column":64},"end":{"line":7,"column":76}},"4":{"start":{"line":10,"column":4},"end":{"line":10,"column":76}},"5":{"start":{"line":6,"column":13},"end":{"line":6,"column":29}},"6":{"start":{"line":6,"column":13},"end":{"line":12,"column":null}}},"fnMap":{"0":{"name":"(anonymous_4)","decl":{"start":{"line":7,"column":2},"end":{"line":7,"column":15}},"loc":{"start":{"line":7,"column":76},"end":{"line":7,"column":80}}},"1":{"name":"(anonymous_5)","decl":{"start":{"line":9,"column":2},"end":{"line":9,"column":7}},"loc":{"start":{"line":9,"column":47},"end":{"line":11,"column":3}}}},"branchMap":{},"s":{"0":3,"1":3,"2":3,"3":0,"4":0,"5":3,"6":3},"f":{"0":0,"1":0},"b":{}}
}
