TN:
SF:src/modules/asset/asset.controller.ts
FN:11,(anonymous_4)
FN:14,(anonymous_5)
FN:19,(anonymous_6)
FN:26,(anonymous_7)
FNF:4
FNH:3
FNDA:2,(anonymous_4)
FNDA:1,(anonymous_5)
FNDA:1,(anonymous_6)
FNDA:0,(anonymous_7)
DA:1,1
DA:2,1
DA:3,1
DA:4,1
DA:5,1
DA:6,1
DA:10,1
DA:11,2
DA:14,1
DA:15,1
DA:19,1
DA:20,1
DA:26,1
DA:27,0
LF:14
LH:13
BRF:0
BRH:0
end_of_record
TN:
SF:src/modules/asset/asset.service.ts
FN:7,(anonymous_2)
FN:9,(anonymous_3)
FN:21,(anonymous_4)
FN:34,(anonymous_5)
FN:61,(anonymous_6)
FN:105,(anonymous_7)
FN:112,(anonymous_8)
FN:132,(anonymous_9)
FN:145,(anonymous_10)
FN:156,(anonymous_11)
FNF:10
FNH:9
FNDA:4,(anonymous_2)
FNDA:1,(anonymous_3)
FNDA:1,(anonymous_4)
FNDA:2,(anonymous_5)
FNDA:1,(anonymous_6)
FNDA:2,(anonymous_7)
FNDA:3,(anonymous_8)
FNDA:0,(anonymous_9)
FNDA:2,(anonymous_10)
FNDA:2,(anonymous_11)
DA:1,2
DA:2,2
DA:6,2
DA:7,4
DA:10,1
DA:21,1
DA:35,2
DA:44,2
DA:45,1
DA:48,1
DA:62,1
DA:63,1
DA:64,1
DA:66,1
DA:67,1
DA:84,1
DA:96,0
DA:97,0
DA:101,0
DA:106,2
DA:116,3
DA:119,2
DA:120,0
DA:121,0
DA:125,2
DA:126,2
DA:129,2
DA:136,0
DA:142,0
DA:149,2
DA:161,2
DA:167,2
LF:32
LH:25
BRDA:26,0,0,1
BRDA:26,0,1,0
BRDA:28,1,0,1
BRDA:28,1,1,0
BRDA:29,2,0,1
BRDA:29,2,1,0
BRDA:30,3,0,1
BRDA:30,3,1,0
BRDA:44,4,0,1
BRDA:53,5,0,1
BRDA:53,5,1,0
BRDA:55,6,0,1
BRDA:55,6,1,0
BRDA:56,7,0,1
BRDA:56,7,1,0
BRDA:57,8,0,1
BRDA:57,8,1,0
BRDA:89,9,0,1
BRDA:89,9,1,0
BRDA:91,10,0,1
BRDA:91,10,1,0
BRDA:92,11,0,1
BRDA:92,11,1,0
BRDA:93,12,0,1
BRDA:93,12,1,0
BRDA:96,13,0,0
BRDA:96,14,0,0
BRDA:96,14,1,0
BRDA:96,14,2,0
BRDA:107,15,0,2
BRDA:107,15,1,2
BRDA:116,16,0,1
BRDA:119,17,0,0
BRDA:121,18,0,0
BRDA:126,19,0,0
BRDA:136,20,0,0
BRDA:136,20,1,0
BRDA:138,21,0,0
BRDA:138,21,1,0
BRDA:149,22,0,0
BRDA:149,22,1,2
BRDA:151,23,0,1
BRDA:151,23,1,1
BRDA:161,24,0,0
BRDA:161,24,1,2
BRDA:163,25,0,1
BRDA:163,25,1,1
BRF:47
BRH:22
end_of_record
TN:
SF:src/modules/asset/dto/create-asset.dto.ts
FNF:0
FNH:0
DA:1,1
DA:12,1
DA:16,1
DA:20,1
DA:24,1
DA:28,1
DA:33,1
DA:39,1
DA:44,1
LF:9
LH:9
BRF:0
BRH:0
end_of_record
TN:
SF:src/modules/audit/audit.service.ts
FN:16,(anonymous_2)
FN:18,(anonymous_3)
FN:24,(anonymous_4)
FNF:3
FNH:3
FNDA:2,(anonymous_2)
FNDA:1,(anonymous_3)
FNDA:1,(anonymous_4)
DA:1,3
DA:3,3
DA:15,3
DA:16,2
DA:19,1
DA:25,1
LF:6
LH:6
BRF:0
BRH:0
end_of_record
TN:
SF:src/modules/auth/decorators/roles.decorator.ts
FN:4,(anonymous_0)
FNF:1
FNH:1
FNDA:1,(anonymous_0)
DA:1,1
DA:3,1
DA:4,1
LF:3
LH:3
BRF:0
BRH:0
end_of_record
TN:
SF:src/modules/auth/guards/jwt-auth.guard.ts
FN:7,(anonymous_2)
FN:11,(anonymous_3)
FNF:2
FNH:0
FNDA:0,(anonymous_2)
FNDA:0,(anonymous_3)
DA:1,1
DA:2,1
DA:3,1
DA:6,1
DA:7,0
DA:8,0
DA:13,0
DA:15,0
DA:16,0
DA:18,0
LF:10
LH:4
BRDA:13,0,0,0
BRDA:13,0,1,0
BRDA:15,1,0,0
BRF:3
BRH:0
end_of_record
TN:
SF:src/modules/auth/guards/roles.guard.ts
FN:8,(anonymous_2)
FN:10,(anonymous_3)
FN:26,(anonymous_4)
FNF:3
FNH:0
FNDA:0,(anonymous_2)
FNDA:0,(anonymous_3)
FNDA:0,(anonymous_4)
DA:1,1
DA:2,1
DA:3,1
DA:4,1
DA:7,1
DA:8,0
DA:11,0
DA:15,0
DA:17,0
DA:21,0
DA:22,0
DA:24,0
DA:25,0
DA:26,0
LF:14
LH:5
BRDA:11,0,0,0
BRDA:12,1,0,0
BRDA:12,1,1,0
BRDA:21,2,0,0
BRDA:25,3,0,0
BRDA:25,3,1,0
BRF:6
BRH:0
end_of_record
TN:
SF:src/modules/depreciation/depreciation.service.ts
FN:8,(anonymous_2)
FN:13,(anonymous_3)
FN:35,(anonymous_4)
FNF:3
FNH:3
FNDA:2,(anonymous_2)
FNDA:1,(anonymous_3)
FNDA:1,(anonymous_4)
DA:1,1
DA:2,1
DA:4,1
DA:7,1
DA:9,2
DA:10,2
DA:14,1
DA:24,1
DA:32,1
DA:36,1
LF:10
LH:10
BRF:0
BRH:0
end_of_record
TN:
SF:src/modules/integration/integration.scheduler.ts
FN:9,(anonymous_2)
FN:11,(anonymous_3)
FN:12,(anonymous_4)
FN:16,(anonymous_5)
FN:22,(anonymous_6)
FNF:5
FNH:2
FNDA:1,(anonymous_2)
FNDA:0,(anonymous_3)
FNDA:0,(anonymous_4)
FNDA:0,(anonymous_5)
FNDA:1,(anonymous_6)
DA:1,1
DA:2,1
DA:5,1
DA:7,1
DA:9,1
DA:12,0
DA:13,0
DA:17,0
DA:18,0
DA:23,1
DA:24,1
DA:25,1
LF:12
LH:8
BRDA:17,0,0,0
BRDA:24,1,0,1
BRF:2
BRH:1
end_of_record
TN:
SF:src/modules/integration/integration.service.ts
FN:14,(anonymous_2)
FN:20,(anonymous_3)
FN:32,(anonymous_4)
FN:39,(anonymous_5)
FN:44,(anonymous_6)
FN:51,(anonymous_7)
FN:85,(anonymous_8)
FN:92,(anonymous_9)
FNF:8
FNH:7
FNDA:2,(anonymous_2)
FNDA:1,(anonymous_3)
FNDA:1,(anonymous_4)
FNDA:1,(anonymous_5)
FNDA:0,(anonymous_6)
FNDA:1,(anonymous_7)
FNDA:1,(anonymous_8)
FNDA:1,(anonymous_9)
DA:1,2
DA:3,2
DA:4,2
DA:5,2
DA:13,2
DA:15,2
DA:16,2
DA:17,2
DA:21,1
DA:27,1
DA:28,1
DA:29,1
DA:33,1
DA:38,1
DA:39,1
DA:40,1
DA:41,1
DA:45,0
DA:52,1
DA:53,1
DA:54,1
DA:55,1
DA:57,0
DA:58,0
DA:59,0
DA:60,0
DA:61,0
DA:66,0
DA:71,0
DA:78,0
DA:79,0
DA:81,0
DA:86,1
DA:93,1
DA:97,1
LF:35
LH:24
BRDA:32,0,0,1
BRDA:46,1,0,0
BRDA:46,1,1,0
BRDA:53,2,0,1
BRDA:74,3,0,0
BRDA:74,3,1,0
BRDA:78,4,0,0
BRDA:78,4,1,0
BRF:8
BRH:2
end_of_record
TN:
SF:src/modules/metrics/metrics.service.ts
FN:4,(anonymous_1)
FN:10,(anonymous_2)
FN:14,(anonymous_3)
FN:18,(anonymous_4)
FN:22,(anonymous_5)
FN:26,(anonymous_6)
FNF:6
FNH:0
FNDA:0,(anonymous_1)
FNDA:0,(anonymous_2)
FNDA:0,(anonymous_3)
FNDA:0,(anonymous_4)
FNDA:0,(anonymous_5)
FNDA:0,(anonymous_6)
DA:1,2
DA:4,2
DA:5,0
DA:6,0
DA:7,0
DA:8,0
DA:11,0
DA:15,0
DA:19,0
DA:23,0
DA:27,0
LF:11
LH:2
BRF:0
BRH:0
end_of_record
TN:
SF:src/modules/movement/movement.service.ts
FN:9,(anonymous_2)
FN:15,(anonymous_3)
FN:27,(anonymous_4)
FN:28,(anonymous_5)
FNF:4
FNH:4
FNDA:2,(anonymous_2)
FNDA:1,(anonymous_3)
FNDA:1,(anonymous_4)
FNDA:1,(anonymous_5)
DA:1,1
DA:2,1
DA:4,1
DA:5,1
DA:8,1
DA:10,2
DA:11,2
DA:12,2
DA:16,1
DA:28,1
DA:29,1
DA:38,1
DA:46,1
DA:47,1
LF:14
LH:14
BRF:0
BRH:0
end_of_record
TN:
SF:src/prisma/prisma.service.ts
FN:6,(anonymous_1)
FN:10,(anonymous_2)
FNF:2
FNH:0
FNDA:0,(anonymous_1)
FNDA:0,(anonymous_2)
DA:1,7
DA:2,7
DA:5,7
DA:7,0
DA:11,0
LF:5
LH:3
BRF:0
BRH:0
end_of_record
TN:
SF:src/shared/messaging/messaging.service.ts
FN:7,(anonymous_4)
FN:9,(anonymous_5)
FNF:2
FNH:0
FNDA:0,(anonymous_4)
FNDA:0,(anonymous_5)
DA:1,3
DA:2,3
DA:6,3
DA:7,0
DA:10,0
LF:5
LH:3
BRF:0
BRH:0
end_of_record
